<?xml version="1.0" encoding="UTF-8"?>
<!-- Generated by org.testng.reporters.JUnitReportReporter -->
<testsuite hostname="DESKTOP-O6A2DBM" failures="0" tests="1" name="true5G" time="10.314" errors="0" timestamp="2023-01-20T23:00:58 IST" skipped="0">
  <testcase classname="true5G" name="device5GReady" time="10.314"/>
  <system-out/>
</testsuite> <!-- true5G -->
