<?xml version="1.0" encoding="UTF-8"?>
<!-- Generated by org.testng.reporters.JUnitReportReporter -->
<testsuite hostname="DESKTOP-O6A2DBM" failures="0" tests="1" name="jioTestNG.Business" time="43.202" errors="0" timestamp="2023-01-20T22:50:30 IST" skipped="0">
  <testcase classname="jioTestNG.Business" name="device5GReady" time="43.202"/>
  <system-out/>
</testsuite> <!-- jioTestNG.Business -->
