<?xml version="1.0" encoding="UTF-8"?>
<!-- Generated by org.testng.reporters.JUnitReportReporter -->
<testsuite hostname="DESKTOP-O6A2DBM" failures="0" tests="11" name="jioTestNG.true5G" time="180.224" errors="0" timestamp="2023-01-20T15:52:11 IST" skipped="0">
  <testcase classname="jioTestNG.true5G" name="urltest" time="4.899"/>
  <system-out/>
  <testcase classname="jioTestNG.true5G" name="true5g" time="6.328"/>
  <system-out/>
  <testcase classname="jioTestNG.true5G" name="device5GReady" time="10.621"/>
  <system-out/>
  <testcase classname="jioTestNG.true5G" name="mobilenumber" time="17.435"/>
  <system-out/>
  <testcase classname="jioTestNG.true5G" name="positivegenerateotp" time="22.134"/>
  <system-out/>
  <testcase classname="jioTestNG.true5G" name="negativegenerateotp" time="19.335"/>
  <system-out/>
  <testcase classname="jioTestNG.true5G" name="closebutton" time="21.556"/>
  <system-out/>
  <testcase classname="jioTestNG.true5G" name="statedropdown" time="20.718"/>
  <system-out/>
  <testcase classname="jioTestNG.true5G" name="state" time="18.227"/>
  <system-out/>
  <testcase classname="jioTestNG.true5G" name="selectstate" time="19.493"/>
  <system-out/>
  <testcase classname="jioTestNG.true5G" name="expressinternet" time="19.478"/>
  <system-out/>
</testsuite> <!-- jioTestNG.true5G -->
