<?xml version="1.0" encoding="UTF-8"?>
<!-- Generated by org.testng.reporters.JUnitReportReporter -->
<testsuite hostname="DESKTOP-O6A2DBM" failures="0" tests="1" name="jioTrue5G" time="14.077" errors="0" timestamp="2023-01-21T23:17:22 IST" skipped="0">
  <testcase classname="jioTrue5G" name="urltest" time="14.077"/>
  <system-out/>
</testsuite> <!-- jioTrue5G -->
