<?xml version="1.0" encoding="UTF-8"?>
<!-- Generated by org.testng.reporters.JUnitReportReporter -->
<testsuite hostname="DESKTOP-O6A2DBM" failures="0" tests="1" name="jioapps" time="12.194" errors="0" timestamp="2023-01-22T15:19:37 IST" skipped="0">
  <testcase classname="jioapps" name="jiotvlearnmore" time="12.194"/>
  <system-out/>
</testsuite> <!-- jioapps -->
