<?xml version="1.0" encoding="UTF-8"?>
<!-- Generated by org.testng.reporters.JUnitReportReporter -->
<testsuite hostname="DESKTOP-O6A2DBM" failures="0" tests="1" name="jioTestNG.apps" time="43.038" errors="0" timestamp="2023-01-21T15:54:18 IST" skipped="0">
  <testcase classname="jioTestNG.apps" name="knowmore" time="43.038"/>
  <system-out/>
</testsuite> <!-- jioTestNG.apps -->
